<?xml version="1.0" encoding="UTF-8"?>
<!-- Generated by org.testng.reporters.JUnitReportReporter -->
<testsuite hostname="LAPTOP-GF22ULV6" failures="0" tests="1" name="testngpkg.Loginparametrisation" time="5.954" errors="0" timestamp="2023-11-25T00:08:06 IST" skipped="0">
  <testcase classname="testngpkg.Loginparametrisation" name="test1" time="5.954"/>
  <system-out/>
</testsuite> <!-- testngpkg.Loginparametrisation -->
