<?xml version="1.0" encoding="UTF-8"?>
<!-- Generated by org.testng.reporters.JUnitReportReporter -->
<testsuite hostname="LAPTOP-GF22ULV6" failures="0" tests="1" name="testngpkg.Ebay" time="2.592" errors="0" timestamp="2023-11-25T00:58:15 IST" skipped="0">
  <testcase classname="testngpkg.Ebay" name="test1" time="2.592"/>
  <system-out/>
</testsuite> <!-- testngpkg.Ebay -->
