<?xml version="1.0" encoding="UTF-8"?>
<!-- Generated by org.testng.reporters.JUnitReportReporter -->
<testsuite hostname="LAPTOP-GF22ULV6" failures="0" tests="1" name="testngpkg.Rediffbutton" time="1.825" errors="0" timestamp="2023-11-23T19:56:04 IST" skipped="0">
  <testcase classname="testngpkg.Rediffbutton" name="compare" time="1.825"/>
  <system-out/>
</testsuite> <!-- testngpkg.Rediffbutton -->
