<?xml version="1.0" encoding="UTF-8"?>
<!-- Generated by org.testng.reporters.JUnitReportReporter -->
<testsuite hostname="LAPTOP-GF22ULV6" failures="0" tests="5" name="testngpkg.TestngDemo" time="5.564" errors="0" timestamp="2023-11-14T10:33:45 IST" skipped="1">
  <testcase classname="testngpkg.TestngDemo" name="test3" time="0.880"/>
  <system-out/>
  <testcase classname="testngpkg.TestngDemo" name="test1" time="2.893"/>
  <system-out/>
  <testcase classname="testngpkg.TestngDemo" name="test1" time="0.810"/>
  <system-out/>
  <testcase classname="testngpkg.TestngDemo" name="test1" time="0.981"/>
  <system-out/>
  <testcase classname="testngpkg.TestngDemo" name="test2">
    <skipped/>
  </testcase> <!-- test2 -->
  <system-out/>
</testsuite> <!-- testngpkg.TestngDemo -->
