<?xml version="1.0" encoding="UTF-8"?>
<!-- Generated by org.testng.reporters.JUnitReportReporter -->
<testsuite hostname="LAPTOP-GF22ULV6" failures="0" tests="1" name="testngpkg.Fileuploadrobot" time="7.687" errors="0" timestamp="2023-11-28T02:15:33 IST" skipped="0">
  <testcase classname="testngpkg.Fileuploadrobot" name="fileuploadpgm" time="7.687"/>
  <system-out/>
</testsuite> <!-- testngpkg.Fileuploadrobot -->
