<?xml version="1.0" encoding="UTF-8"?>
<!-- Generated by org.testng.reporters.JUnitReportReporter -->
<testsuite hostname="LAPTOP-GF22ULV6" failures="0" tests="2" name="testngpkg.Verification" time="2.248" errors="0" timestamp="2023-11-14T12:30:31 IST" skipped="0">
  <testcase classname="testngpkg.Verification" name="pagesource" time="1.490"/>
  <system-out/>
  <testcase classname="testngpkg.Verification" name="pagetitle" time="0.758"/>
  <system-out/>
</testsuite> <!-- testngpkg.Verification -->
