<?xml version="1.0" encoding="UTF-8"?>
<!-- Generated by org.testng.reporters.JUnitReportReporter -->
<testsuite hostname="LAPTOP-GF22ULV6" failures="0" tests="1" name="testngpkg.Draganddrop" time="27.226" errors="0" timestamp="2023-11-23T23:29:16 IST" skipped="0">
  <testcase classname="testngpkg.Draganddrop" name="test1" time="27.226"/>
  <system-out/>
</testsuite> <!-- testngpkg.Draganddrop -->
