<?xml version="1.0" encoding="UTF-8"?>
<!-- Generated by org.testng.reporters.JUnitReportReporter -->
<testsuite hostname="LAPTOP-GF22ULV6" failures="0" tests="1" name="testngpkg.Copypaste" time="6.329" errors="0" timestamp="2023-11-23T18:48:30 IST" skipped="0">
  <testcase classname="testngpkg.Copypaste" name="test1" time="6.329"/>
  <system-out/>
</testsuite> <!-- testngpkg.Copypaste -->
