<?xml version="1.0" encoding="UTF-8"?>
<!-- Generated by org.testng.reporters.JUnitReportReporter -->
<testsuite hostname="LAPTOP-GF22ULV6" failures="0" tests="1" name="testngpkg.Parametrisation" time="0.104" errors="0" timestamp="2023-11-24T23:46:16 IST" skipped="0">
  <testcase classname="testngpkg.Parametrisation" name="test1" time="0.104"/>
  <system-out/>
</testsuite> <!-- testngpkg.Parametrisation -->
