<?xml version="1.0" encoding="UTF-8"?>
<!-- Generated by org.testng.reporters.JUnitReportReporter -->
<testsuite hostname="LAPTOP-GF22ULV6" failures="0" tests="1" name="testngpkg.Loginvalidation" time="8.008" errors="0" timestamp="2023-11-24T23:07:53 IST" skipped="0">
  <testcase classname="testngpkg.Loginvalidation" name="test1" time="8.008"/>
  <system-out/>
</testsuite> <!-- testngpkg.Loginvalidation -->
