<?xml version="1.0" encoding="UTF-8"?>
<!-- Generated by org.testng.reporters.JUnitReportReporter -->
<testsuite hostname="LAPTOP-GF22ULV6" failures="0" tests="1" name="testngpkg.Fileuploadauto" time="33.815" errors="0" timestamp="2023-11-28T19:41:37 IST" skipped="0">
  <testcase classname="testngpkg.Fileuploadauto" name="main" time="33.815"/>
  <system-out/>
</testsuite> <!-- testngpkg.Fileuploadauto -->
