<?xml version="1.0" encoding="UTF-8"?>
<!-- Generated by org.testng.reporters.JUnitReportReporter -->
<testsuite hostname="LAPTOP-GF22ULV6" failures="0" tests="3" name="testngpkg.Crossbrowsertest" time="64.200" errors="0" timestamp="2023-11-27T18:52:42 IST" skipped="0">
  <testcase classname="testngpkg.Crossbrowsertest" name="test" time="12.650"/>
  <system-out/>
  <testcase classname="testngpkg.Crossbrowsertest" name="test" time="49.083"/>
  <system-out/>
  <testcase classname="testngpkg.Crossbrowsertest" name="test" time="2.467"/>
  <system-out/>
</testsuite> <!-- testngpkg.Crossbrowsertest -->
