<?xml version="1.0" encoding="UTF-8"?>
<!-- Generated by org.testng.reporters.JUnitReportReporter -->
<testsuite hostname="LAPTOP-GF22ULV6" failures="0" tests="3" name="testngpkg.TestngGrouping" time="0.011" errors="0" timestamp="2023-11-14T12:06:52 IST" skipped="0">
  <testcase classname="testngpkg.TestngGrouping" name="test1" time="0.009"/>
  <system-out/>
  <testcase classname="testngpkg.TestngGrouping" name="test5" time="0.001"/>
  <system-out/>
  <testcase classname="testngpkg.TestngGrouping" name="test2" time="0.001"/>
  <system-out/>
</testsuite> <!-- testngpkg.TestngGrouping -->
