<?xml version="1.0" encoding="UTF-8"?>
<!-- Generated by org.testng.reporters.JUnitReportReporter -->
<testsuite hostname="Amrutha" failures="0" tests="1" name="testngpkg.Draganddrop" time="0.348" errors="0" timestamp="2024-01-20T19:08:59 IST" skipped="0">
  <testcase classname="testngpkg.Draganddrop" name="test1" time="0.348"/>
  <system-out/>
</testsuite> <!-- testngpkg.Draganddrop -->
