<?xml version="1.0" encoding="UTF-8"?>
<!-- Generated by org.testng.reporters.JUnitReportReporter -->
<testsuite hostname="Amrutha" failures="0" tests="1" name="test.Createpagetest" time="2.377" errors="0" timestamp="2024-01-19T00:11:01 IST" skipped="0">
  <testcase classname="test.Createpagetest" name="createpagettest" time="2.377"/>
  <system-out/>
</testsuite> <!-- test.Createpagetest -->
