<?xml version="1.0" encoding="UTF-8"?>
<!-- Generated by org.testng.reporters.JUnitReportReporter -->
<testsuite hostname="Amrutha" failures="0" tests="1" name="testngpkg.Fileuploadauto" time="9.862" errors="0" timestamp="2024-01-17T00:14:40 IST" skipped="0">
  <testcase classname="testngpkg.Fileuploadauto" name="main" time="9.862"/>
  <system-out/>
</testsuite> <!-- testngpkg.Fileuploadauto -->
