<?xml version="1.0" encoding="UTF-8"?>
<!-- Generated by org.testng.reporters.JUnitReportReporter -->
<testsuite hostname="Amrutha" failures="0" tests="1" name="testpkg.Fblogintest" time="14.087" errors="0" timestamp="2024-01-21T19:03:39 IST" skipped="0">
  <testcase classname="testpkg.Fblogintest" name="verifyLoginWithValidCred" time="14.087"/>
  <system-out/>
</testsuite> <!-- testpkg.Fblogintest -->
