<?xml version="1.0" encoding="UTF-8"?>
<!-- Generated by org.testng.reporters.JUnitReportReporter -->
<testsuite hostname="Amrutha" failures="0" tests="1" name="pkg.Windowhandler" time="5.332" errors="0" timestamp="2024-01-23T21:29:23 IST" skipped="0">
  <testcase classname="pkg.Windowhandler" name="test" time="5.332"/>
  <system-out/>
</testsuite> <!-- pkg.Windowhandler -->
