<?xml version="1.0" encoding="UTF-8"?>
<!-- Generated by org.testng.reporters.JUnitReportReporter -->
<testsuite hostname="Amrutha" failures="0" tests="1" name="test.Fblogintest" time="0.153" errors="0" timestamp="2024-01-19T00:11:01 IST" skipped="0">
  <testcase classname="test.Fblogintest" name="fbtest" time="0.153"/>
  <system-out/>
</testsuite> <!-- test.Fblogintest -->
